2021-06-04 10:11:03 上午 [Thread: main][ Class:org.springframework.context.support.ClassPathXmlApplicationContext >> Method: org.springframework.context.support.AbstractApplicationContext.prepareRefresh(AbstractApplicationContext.java:590) ]
DEBUG:Refreshing org.springframework.context.support.ClassPathXmlApplicationContext@3b6eb2ec
2021-06-04 10:11:03 上午 [Thread: main][ Class:org.springframework.core.KotlinDetector >> Method: org.springframework.core.KotlinDetector.<clinit>(KotlinDetector.java:57) ]
INFO:Kotlin reflection implementation not found at runtime, related features won't be available.
2021-06-04 10:11:03 上午 [Thread: main][ Class:org.springframework.context.annotation.ClassPathBeanDefinitionScanner >> Method: org.springframework.context.annotation.ClassPathScanningCandidateComponentProvider.scanCandidateComponents(ClassPathScanningCandidateComponentProvider.java:437) ]
DEBUG:Identified candidate component class: file [D:\project\spring\target\classes\com\zpark\basic\service\impl\UserServiceImpl.class]
2021-06-04 10:11:03 上午 [Thread: main][ Class:org.springframework.context.annotation.ClassPathBeanDefinitionScanner >> Method: org.springframework.context.annotation.ClassPathScanningCandidateComponentProvider.scanCandidateComponents(ClassPathScanningCandidateComponentProvider.java:437) ]
DEBUG:Identified candidate component class: file [D:\project\spring\target\classes\com\zpark\basic\service\proxy\MyArround.class]
2021-06-04 10:11:03 上午 [Thread: main][ Class:org.springframework.context.annotation.ClassPathBeanDefinitionScanner >> Method: org.springframework.context.annotation.ClassPathScanningCandidateComponentProvider.scanCandidateComponents(ClassPathScanningCandidateComponentProvider.java:437) ]
DEBUG:Identified candidate component class: file [D:\project\spring\target\classes\com\zpark\basic\service\proxy\MyProxyMethodBeforeAdvice.class]
2021-06-04 10:11:03 上午 [Thread: main][ Class:org.springframework.beans.factory.xml.XmlBeanDefinitionReader >> Method: org.springframework.beans.factory.xml.XmlBeanDefinitionReader.doLoadBeanDefinitions(XmlBeanDefinitionReader.java:395) ]
DEBUG:Loaded 19 bean definitions from class path resource [applicationContext2.xml]
2021-06-04 10:11:03 上午 [Thread: main][ Class:org.springframework.beans.factory.support.DefaultListableBeanFactory >> Method: org.springframework.beans.factory.support.DefaultSingletonBeanRegistry.getSingleton(DefaultSingletonBeanRegistry.java:213) ]
DEBUG:Creating shared instance of singleton bean 'org.springframework.context.annotation.internalConfigurationAnnotationProcessor'
2021-06-04 10:11:03 上午 [Thread: main][ Class:org.springframework.beans.factory.support.DefaultListableBeanFactory >> Method: org.springframework.beans.factory.support.DefaultSingletonBeanRegistry.getSingleton(DefaultSingletonBeanRegistry.java:213) ]
DEBUG:Creating shared instance of singleton bean 'org.springframework.context.support.PropertySourcesPlaceholderConfigurer#0'
2021-06-04 10:11:03 上午 [Thread: main][ Class:org.springframework.core.env.PropertySourcesPropertyResolver >> Method: org.springframework.core.env.PropertySourcesPropertyResolver.logKeyFound(PropertySourcesPropertyResolver.java:115) ]
DEBUG:Found key 'jdbc.driverClassName' in PropertySource 'localProperties' with value of type String
2021-06-04 10:11:03 上午 [Thread: main][ Class:org.springframework.core.env.PropertySourcesPropertyResolver >> Method: org.springframework.core.env.PropertySourcesPropertyResolver.logKeyFound(PropertySourcesPropertyResolver.java:115) ]
DEBUG:Found key 'jdbc.url' in PropertySource 'localProperties' with value of type String
2021-06-04 10:11:03 上午 [Thread: main][ Class:org.springframework.core.env.PropertySourcesPropertyResolver >> Method: org.springframework.core.env.PropertySourcesPropertyResolver.logKeyFound(PropertySourcesPropertyResolver.java:115) ]
DEBUG:Found key 'jdbc.username' in PropertySource 'localProperties' with value of type String
2021-06-04 10:11:03 上午 [Thread: main][ Class:org.springframework.core.env.PropertySourcesPropertyResolver >> Method: org.springframework.core.env.PropertySourcesPropertyResolver.logKeyFound(PropertySourcesPropertyResolver.java:115) ]
DEBUG:Found key 'jdbc.password' in PropertySource 'localProperties' with value of type String
2021-06-04 10:11:03 上午 [Thread: main][ Class:org.springframework.beans.factory.support.DefaultListableBeanFactory >> Method: org.springframework.beans.factory.support.DefaultSingletonBeanRegistry.getSingleton(DefaultSingletonBeanRegistry.java:213) ]
DEBUG:Creating shared instance of singleton bean 'org.springframework.context.event.internalEventListenerProcessor'
2021-06-04 10:11:03 上午 [Thread: main][ Class:org.springframework.beans.factory.support.DefaultListableBeanFactory >> Method: org.springframework.beans.factory.support.DefaultSingletonBeanRegistry.getSingleton(DefaultSingletonBeanRegistry.java:213) ]
DEBUG:Creating shared instance of singleton bean 'org.springframework.context.event.internalEventListenerFactory'
2021-06-04 10:11:03 上午 [Thread: main][ Class:org.springframework.beans.factory.support.DefaultListableBeanFactory >> Method: org.springframework.beans.factory.support.DefaultSingletonBeanRegistry.getSingleton(DefaultSingletonBeanRegistry.java:213) ]
DEBUG:Creating shared instance of singleton bean 'org.springframework.context.annotation.internalAutowiredAnnotationProcessor'
2021-06-04 10:11:03 上午 [Thread: main][ Class:org.springframework.beans.factory.support.DefaultListableBeanFactory >> Method: org.springframework.beans.factory.support.DefaultSingletonBeanRegistry.getSingleton(DefaultSingletonBeanRegistry.java:213) ]
DEBUG:Creating shared instance of singleton bean 'org.springframework.context.annotation.internalCommonAnnotationProcessor'
2021-06-04 10:11:03 上午 [Thread: main][ Class:org.springframework.beans.factory.support.DefaultListableBeanFactory >> Method: org.springframework.beans.factory.support.DefaultSingletonBeanRegistry.getSingleton(DefaultSingletonBeanRegistry.java:213) ]
DEBUG:Creating shared instance of singleton bean 'org.springframework.aop.config.internalAutoProxyCreator'
2021-06-04 10:11:03 上午 [Thread: main][ Class:org.springframework.beans.factory.support.DefaultListableBeanFactory >> Method: org.springframework.beans.factory.support.DefaultSingletonBeanRegistry.getSingleton(DefaultSingletonBeanRegistry.java:213) ]
DEBUG:Creating shared instance of singleton bean 'myBeanPostProcesser'
2021-06-04 10:11:03 上午 [Thread: main][ Class:org.springframework.beans.factory.support.DefaultListableBeanFactory >> Method: org.springframework.beans.factory.support.DefaultSingletonBeanRegistry.getSingleton(DefaultSingletonBeanRegistry.java:213) ]
DEBUG:Creating shared instance of singleton bean 'org.springframework.aop.support.DefaultBeanFactoryPointcutAdvisor#0'
2021-06-04 10:11:04 上午 [Thread: main][ Class:org.springframework.context.support.PostProcessorRegistrationDelegate$BeanPostProcessorChecker >> Method: org.springframework.context.support.PostProcessorRegistrationDelegate$BeanPostProcessorChecker.postProcessAfterInitialization(PostProcessorRegistrationDelegate.java:330) ]
INFO:Bean 'org.springframework.aop.support.DefaultBeanFactoryPointcutAdvisor#0' of type [org.springframework.aop.support.DefaultBeanFactoryPointcutAdvisor] is not eligible for getting processed by all BeanPostProcessors (for example: not eligible for auto-proxying)
2021-06-04 10:11:04 上午 [Thread: main][ Class:org.springframework.beans.factory.support.DefaultListableBeanFactory >> Method: org.springframework.beans.factory.support.DefaultSingletonBeanRegistry.getSingleton(DefaultSingletonBeanRegistry.java:213) ]
DEBUG:Creating shared instance of singleton bean 'org.springframework.aop.support.DefaultBeanFactoryPointcutAdvisor#1'
2021-06-04 10:11:04 上午 [Thread: main][ Class:org.springframework.context.support.PostProcessorRegistrationDelegate$BeanPostProcessorChecker >> Method: org.springframework.context.support.PostProcessorRegistrationDelegate$BeanPostProcessorChecker.postProcessAfterInitialization(PostProcessorRegistrationDelegate.java:330) ]
INFO:Bean 'org.springframework.aop.support.DefaultBeanFactoryPointcutAdvisor#1' of type [org.springframework.aop.support.DefaultBeanFactoryPointcutAdvisor] is not eligible for getting processed by all BeanPostProcessors (for example: not eligible for auto-proxying)
2021-06-04 10:11:04 上午 [Thread: main][ Class:org.springframework.beans.factory.support.DefaultListableBeanFactory >> Method: org.springframework.beans.factory.support.DefaultSingletonBeanRegistry.getSingleton(DefaultSingletonBeanRegistry.java:213) ]
DEBUG:Creating shared instance of singleton bean 'conversionService'
2021-06-04 10:11:04 上午 [Thread: main][ Class:org.springframework.beans.factory.support.DefaultListableBeanFactory >> Method: org.springframework.beans.factory.support.DefaultSingletonBeanRegistry.getSingleton(DefaultSingletonBeanRegistry.java:213) ]
DEBUG:Creating shared instance of singleton bean 'dateConverter'
2021-06-04 10:11:04 上午 [Thread: main][ Class:org.springframework.beans.factory.support.DefaultListableBeanFactory >> Method: org.springframework.beans.factory.support.DefaultSingletonBeanRegistry.getSingleton(DefaultSingletonBeanRegistry.java:213) ]
DEBUG:Creating shared instance of singleton bean 'userServiceImpl'
2021-06-04 10:11:04 上午 [Thread: main][ Class:org.springframework.beans.factory.support.DefaultListableBeanFactory >> Method: org.springframework.beans.factory.support.DefaultSingletonBeanRegistry.getSingleton(DefaultSingletonBeanRegistry.java:213) ]
DEBUG:Creating shared instance of singleton bean 'myProxyMethodBeforeAdvice'
2021-06-04 10:11:04 上午 [Thread: main][ Class:org.springframework.beans.factory.support.DefaultListableBeanFactory >> Method: org.springframework.beans.factory.support.DefaultSingletonBeanRegistry.getSingleton(DefaultSingletonBeanRegistry.java:213) ]
DEBUG:Creating shared instance of singleton bean 'myArround'
2021-06-04 10:11:04 上午 [Thread: main][ Class:org.springframework.beans.factory.support.DefaultListableBeanFactory >> Method: org.springframework.beans.factory.support.DefaultSingletonBeanRegistry.getSingleton(DefaultSingletonBeanRegistry.java:213) ]
DEBUG:Creating shared instance of singleton bean 'myConnection'
2021-06-04 10:11:04 上午 [Thread: main][ Class:org.springframework.beans.factory.support.DefaultListableBeanFactory >> Method: org.springframework.beans.factory.support.DefaultSingletonBeanRegistry.getSingleton(DefaultSingletonBeanRegistry.java:213) ]
DEBUG:Creating shared instance of singleton bean 'customer'
2021-06-04 10:11:04 上午 [Thread: main][ Class:org.springframework.beans.factory.support.DefaultListableBeanFactory >> Method: org.springframework.beans.factory.support.DefaultSingletonBeanRegistry.getSingleton(DefaultSingletonBeanRegistry.java:213) ]
DEBUG:Creating shared instance of singleton bean 'customer2'
2021-06-04 10:23:49 上午 [Thread: main][ Class:org.springframework.context.support.ClassPathXmlApplicationContext >> Method: org.springframework.context.support.AbstractApplicationContext.prepareRefresh(AbstractApplicationContext.java:590) ]
DEBUG:Refreshing org.springframework.context.support.ClassPathXmlApplicationContext@3b6eb2ec
2021-06-04 10:23:49 上午 [Thread: main][ Class:org.springframework.core.KotlinDetector >> Method: org.springframework.core.KotlinDetector.<clinit>(KotlinDetector.java:57) ]
INFO:Kotlin reflection implementation not found at runtime, related features won't be available.
2021-06-04 10:23:49 上午 [Thread: main][ Class:org.springframework.context.annotation.ClassPathBeanDefinitionScanner >> Method: org.springframework.context.annotation.ClassPathScanningCandidateComponentProvider.scanCandidateComponents(ClassPathScanningCandidateComponentProvider.java:437) ]
DEBUG:Identified candidate component class: file [D:\project\spring\target\classes\com\zpark\basic\service\impl\UserServiceImpl.class]
2021-06-04 10:23:49 上午 [Thread: main][ Class:org.springframework.context.annotation.ClassPathBeanDefinitionScanner >> Method: org.springframework.context.annotation.ClassPathScanningCandidateComponentProvider.scanCandidateComponents(ClassPathScanningCandidateComponentProvider.java:437) ]
DEBUG:Identified candidate component class: file [D:\project\spring\target\classes\com\zpark\basic\service\proxy\MyArround.class]
2021-06-04 10:23:49 上午 [Thread: main][ Class:org.springframework.context.annotation.ClassPathBeanDefinitionScanner >> Method: org.springframework.context.annotation.ClassPathScanningCandidateComponentProvider.scanCandidateComponents(ClassPathScanningCandidateComponentProvider.java:437) ]
DEBUG:Identified candidate component class: file [D:\project\spring\target\classes\com\zpark\basic\service\proxy\MyProxyMethodBeforeAdvice.class]
2021-06-04 10:23:49 上午 [Thread: main][ Class:org.springframework.beans.factory.xml.XmlBeanDefinitionReader >> Method: org.springframework.beans.factory.xml.XmlBeanDefinitionReader.doLoadBeanDefinitions(XmlBeanDefinitionReader.java:395) ]
DEBUG:Loaded 19 bean definitions from class path resource [applicationContext2.xml]
2021-06-04 10:23:49 上午 [Thread: main][ Class:org.springframework.beans.factory.support.DefaultListableBeanFactory >> Method: org.springframework.beans.factory.support.DefaultSingletonBeanRegistry.getSingleton(DefaultSingletonBeanRegistry.java:213) ]
DEBUG:Creating shared instance of singleton bean 'org.springframework.context.annotation.internalConfigurationAnnotationProcessor'
2021-06-04 10:23:49 上午 [Thread: main][ Class:org.springframework.beans.factory.support.DefaultListableBeanFactory >> Method: org.springframework.beans.factory.support.DefaultSingletonBeanRegistry.getSingleton(DefaultSingletonBeanRegistry.java:213) ]
DEBUG:Creating shared instance of singleton bean 'org.springframework.context.support.PropertySourcesPlaceholderConfigurer#0'
2021-06-04 10:23:49 上午 [Thread: main][ Class:org.springframework.core.env.PropertySourcesPropertyResolver >> Method: org.springframework.core.env.PropertySourcesPropertyResolver.logKeyFound(PropertySourcesPropertyResolver.java:115) ]
DEBUG:Found key 'jdbc.driverClassName' in PropertySource 'localProperties' with value of type String
2021-06-04 10:23:49 上午 [Thread: main][ Class:org.springframework.core.env.PropertySourcesPropertyResolver >> Method: org.springframework.core.env.PropertySourcesPropertyResolver.logKeyFound(PropertySourcesPropertyResolver.java:115) ]
DEBUG:Found key 'jdbc.url' in PropertySource 'localProperties' with value of type String
2021-06-04 10:23:49 上午 [Thread: main][ Class:org.springframework.core.env.PropertySourcesPropertyResolver >> Method: org.springframework.core.env.PropertySourcesPropertyResolver.logKeyFound(PropertySourcesPropertyResolver.java:115) ]
DEBUG:Found key 'jdbc.username' in PropertySource 'localProperties' with value of type String
2021-06-04 10:23:49 上午 [Thread: main][ Class:org.springframework.core.env.PropertySourcesPropertyResolver >> Method: org.springframework.core.env.PropertySourcesPropertyResolver.logKeyFound(PropertySourcesPropertyResolver.java:115) ]
DEBUG:Found key 'jdbc.password' in PropertySource 'localProperties' with value of type String
2021-06-04 10:23:49 上午 [Thread: main][ Class:org.springframework.beans.factory.support.DefaultListableBeanFactory >> Method: org.springframework.beans.factory.support.DefaultSingletonBeanRegistry.getSingleton(DefaultSingletonBeanRegistry.java:213) ]
DEBUG:Creating shared instance of singleton bean 'org.springframework.context.event.internalEventListenerProcessor'
2021-06-04 10:23:49 上午 [Thread: main][ Class:org.springframework.beans.factory.support.DefaultListableBeanFactory >> Method: org.springframework.beans.factory.support.DefaultSingletonBeanRegistry.getSingleton(DefaultSingletonBeanRegistry.java:213) ]
DEBUG:Creating shared instance of singleton bean 'org.springframework.context.event.internalEventListenerFactory'
2021-06-04 10:23:49 上午 [Thread: main][ Class:org.springframework.beans.factory.support.DefaultListableBeanFactory >> Method: org.springframework.beans.factory.support.DefaultSingletonBeanRegistry.getSingleton(DefaultSingletonBeanRegistry.java:213) ]
DEBUG:Creating shared instance of singleton bean 'org.springframework.context.annotation.internalAutowiredAnnotationProcessor'
2021-06-04 10:23:49 上午 [Thread: main][ Class:org.springframework.beans.factory.support.DefaultListableBeanFactory >> Method: org.springframework.beans.factory.support.DefaultSingletonBeanRegistry.getSingleton(DefaultSingletonBeanRegistry.java:213) ]
DEBUG:Creating shared instance of singleton bean 'org.springframework.context.annotation.internalCommonAnnotationProcessor'
2021-06-04 10:23:49 上午 [Thread: main][ Class:org.springframework.beans.factory.support.DefaultListableBeanFactory >> Method: org.springframework.beans.factory.support.DefaultSingletonBeanRegistry.getSingleton(DefaultSingletonBeanRegistry.java:213) ]
DEBUG:Creating shared instance of singleton bean 'org.springframework.aop.config.internalAutoProxyCreator'
2021-06-04 10:23:49 上午 [Thread: main][ Class:org.springframework.beans.factory.support.DefaultListableBeanFactory >> Method: org.springframework.beans.factory.support.DefaultSingletonBeanRegistry.getSingleton(DefaultSingletonBeanRegistry.java:213) ]
DEBUG:Creating shared instance of singleton bean 'myBeanPostProcesser'
2021-06-04 10:23:49 上午 [Thread: main][ Class:org.springframework.beans.factory.support.DefaultListableBeanFactory >> Method: org.springframework.beans.factory.support.DefaultSingletonBeanRegistry.getSingleton(DefaultSingletonBeanRegistry.java:213) ]
DEBUG:Creating shared instance of singleton bean 'org.springframework.aop.support.DefaultBeanFactoryPointcutAdvisor#0'
2021-06-04 10:23:49 上午 [Thread: main][ Class:org.springframework.context.support.PostProcessorRegistrationDelegate$BeanPostProcessorChecker >> Method: org.springframework.context.support.PostProcessorRegistrationDelegate$BeanPostProcessorChecker.postProcessAfterInitialization(PostProcessorRegistrationDelegate.java:330) ]
INFO:Bean 'org.springframework.aop.support.DefaultBeanFactoryPointcutAdvisor#0' of type [org.springframework.aop.support.DefaultBeanFactoryPointcutAdvisor] is not eligible for getting processed by all BeanPostProcessors (for example: not eligible for auto-proxying)
2021-06-04 10:23:49 上午 [Thread: main][ Class:org.springframework.beans.factory.support.DefaultListableBeanFactory >> Method: org.springframework.beans.factory.support.DefaultSingletonBeanRegistry.getSingleton(DefaultSingletonBeanRegistry.java:213) ]
DEBUG:Creating shared instance of singleton bean 'org.springframework.aop.support.DefaultBeanFactoryPointcutAdvisor#1'
2021-06-04 10:23:49 上午 [Thread: main][ Class:org.springframework.context.support.PostProcessorRegistrationDelegate$BeanPostProcessorChecker >> Method: org.springframework.context.support.PostProcessorRegistrationDelegate$BeanPostProcessorChecker.postProcessAfterInitialization(PostProcessorRegistrationDelegate.java:330) ]
INFO:Bean 'org.springframework.aop.support.DefaultBeanFactoryPointcutAdvisor#1' of type [org.springframework.aop.support.DefaultBeanFactoryPointcutAdvisor] is not eligible for getting processed by all BeanPostProcessors (for example: not eligible for auto-proxying)
2021-06-04 10:23:49 上午 [Thread: main][ Class:org.springframework.beans.factory.support.DefaultListableBeanFactory >> Method: org.springframework.beans.factory.support.DefaultSingletonBeanRegistry.getSingleton(DefaultSingletonBeanRegistry.java:213) ]
DEBUG:Creating shared instance of singleton bean 'conversionService'
2021-06-04 10:23:49 上午 [Thread: main][ Class:org.springframework.beans.factory.support.DefaultListableBeanFactory >> Method: org.springframework.beans.factory.support.DefaultSingletonBeanRegistry.getSingleton(DefaultSingletonBeanRegistry.java:213) ]
DEBUG:Creating shared instance of singleton bean 'dateConverter'
2021-06-04 10:23:49 上午 [Thread: main][ Class:org.springframework.beans.factory.support.DefaultListableBeanFactory >> Method: org.springframework.beans.factory.support.DefaultSingletonBeanRegistry.getSingleton(DefaultSingletonBeanRegistry.java:213) ]
DEBUG:Creating shared instance of singleton bean 'userServiceImpl'
2021-06-04 10:23:49 上午 [Thread: main][ Class:org.springframework.beans.factory.support.DefaultListableBeanFactory >> Method: org.springframework.beans.factory.support.DefaultSingletonBeanRegistry.getSingleton(DefaultSingletonBeanRegistry.java:213) ]
DEBUG:Creating shared instance of singleton bean 'myProxyMethodBeforeAdvice'
2021-06-04 10:23:49 上午 [Thread: main][ Class:org.springframework.beans.factory.support.DefaultListableBeanFactory >> Method: org.springframework.beans.factory.support.DefaultSingletonBeanRegistry.getSingleton(DefaultSingletonBeanRegistry.java:213) ]
DEBUG:Creating shared instance of singleton bean 'myArround'
2021-06-04 10:23:49 上午 [Thread: main][ Class:org.springframework.beans.factory.support.DefaultListableBeanFactory >> Method: org.springframework.beans.factory.support.DefaultSingletonBeanRegistry.getSingleton(DefaultSingletonBeanRegistry.java:213) ]
DEBUG:Creating shared instance of singleton bean 'myConnection'
2021-06-04 10:23:50 上午 [Thread: main][ Class:org.springframework.beans.factory.support.DefaultListableBeanFactory >> Method: org.springframework.beans.factory.support.DefaultSingletonBeanRegistry.getSingleton(DefaultSingletonBeanRegistry.java:213) ]
DEBUG:Creating shared instance of singleton bean 'customer'
2021-06-04 10:23:50 上午 [Thread: main][ Class:org.springframework.beans.factory.support.DefaultListableBeanFactory >> Method: org.springframework.beans.factory.support.DefaultSingletonBeanRegistry.getSingleton(DefaultSingletonBeanRegistry.java:213) ]
DEBUG:Creating shared instance of singleton bean 'customer2'
2021-06-04 10:27:00 上午 [Thread: main][ Class:org.springframework.context.support.ClassPathXmlApplicationContext >> Method: org.springframework.context.support.AbstractApplicationContext.prepareRefresh(AbstractApplicationContext.java:590) ]
DEBUG:Refreshing org.springframework.context.support.ClassPathXmlApplicationContext@3b6eb2ec
2021-06-04 10:27:00 上午 [Thread: main][ Class:org.springframework.core.KotlinDetector >> Method: org.springframework.core.KotlinDetector.<clinit>(KotlinDetector.java:57) ]
INFO:Kotlin reflection implementation not found at runtime, related features won't be available.
2021-06-04 10:27:01 上午 [Thread: main][ Class:org.springframework.context.annotation.ClassPathBeanDefinitionScanner >> Method: org.springframework.context.annotation.ClassPathScanningCandidateComponentProvider.scanCandidateComponents(ClassPathScanningCandidateComponentProvider.java:437) ]
DEBUG:Identified candidate component class: file [D:\project\spring\target\classes\com\zpark\basic\service\impl\UserServiceImpl.class]
2021-06-04 10:27:01 上午 [Thread: main][ Class:org.springframework.context.annotation.ClassPathBeanDefinitionScanner >> Method: org.springframework.context.annotation.ClassPathScanningCandidateComponentProvider.scanCandidateComponents(ClassPathScanningCandidateComponentProvider.java:437) ]
DEBUG:Identified candidate component class: file [D:\project\spring\target\classes\com\zpark\basic\service\proxy\MyArround.class]
2021-06-04 10:27:01 上午 [Thread: main][ Class:org.springframework.context.annotation.ClassPathBeanDefinitionScanner >> Method: org.springframework.context.annotation.ClassPathScanningCandidateComponentProvider.scanCandidateComponents(ClassPathScanningCandidateComponentProvider.java:437) ]
DEBUG:Identified candidate component class: file [D:\project\spring\target\classes\com\zpark\basic\service\proxy\MyProxyMethodBeforeAdvice.class]
2021-06-04 10:27:01 上午 [Thread: main][ Class:org.springframework.beans.factory.xml.XmlBeanDefinitionReader >> Method: org.springframework.beans.factory.xml.XmlBeanDefinitionReader.doLoadBeanDefinitions(XmlBeanDefinitionReader.java:395) ]
DEBUG:Loaded 19 bean definitions from class path resource [applicationContext2.xml]
2021-06-04 10:27:01 上午 [Thread: main][ Class:org.springframework.beans.factory.support.DefaultListableBeanFactory >> Method: org.springframework.beans.factory.support.DefaultSingletonBeanRegistry.getSingleton(DefaultSingletonBeanRegistry.java:213) ]
DEBUG:Creating shared instance of singleton bean 'org.springframework.context.annotation.internalConfigurationAnnotationProcessor'
2021-06-04 10:27:01 上午 [Thread: main][ Class:org.springframework.beans.factory.support.DefaultListableBeanFactory >> Method: org.springframework.beans.factory.support.DefaultSingletonBeanRegistry.getSingleton(DefaultSingletonBeanRegistry.java:213) ]
DEBUG:Creating shared instance of singleton bean 'org.springframework.context.support.PropertySourcesPlaceholderConfigurer#0'
2021-06-04 10:27:01 上午 [Thread: main][ Class:org.springframework.core.env.PropertySourcesPropertyResolver >> Method: org.springframework.core.env.PropertySourcesPropertyResolver.logKeyFound(PropertySourcesPropertyResolver.java:115) ]
DEBUG:Found key 'jdbc.driverClassName' in PropertySource 'localProperties' with value of type String
2021-06-04 10:27:01 上午 [Thread: main][ Class:org.springframework.core.env.PropertySourcesPropertyResolver >> Method: org.springframework.core.env.PropertySourcesPropertyResolver.logKeyFound(PropertySourcesPropertyResolver.java:115) ]
DEBUG:Found key 'jdbc.url' in PropertySource 'localProperties' with value of type String
2021-06-04 10:27:01 上午 [Thread: main][ Class:org.springframework.core.env.PropertySourcesPropertyResolver >> Method: org.springframework.core.env.PropertySourcesPropertyResolver.logKeyFound(PropertySourcesPropertyResolver.java:115) ]
DEBUG:Found key 'jdbc.username' in PropertySource 'localProperties' with value of type String
2021-06-04 10:27:01 上午 [Thread: main][ Class:org.springframework.core.env.PropertySourcesPropertyResolver >> Method: org.springframework.core.env.PropertySourcesPropertyResolver.logKeyFound(PropertySourcesPropertyResolver.java:115) ]
DEBUG:Found key 'jdbc.password' in PropertySource 'localProperties' with value of type String
2021-06-04 10:27:01 上午 [Thread: main][ Class:org.springframework.beans.factory.support.DefaultListableBeanFactory >> Method: org.springframework.beans.factory.support.DefaultSingletonBeanRegistry.getSingleton(DefaultSingletonBeanRegistry.java:213) ]
DEBUG:Creating shared instance of singleton bean 'org.springframework.context.event.internalEventListenerProcessor'
2021-06-04 10:27:01 上午 [Thread: main][ Class:org.springframework.beans.factory.support.DefaultListableBeanFactory >> Method: org.springframework.beans.factory.support.DefaultSingletonBeanRegistry.getSingleton(DefaultSingletonBeanRegistry.java:213) ]
DEBUG:Creating shared instance of singleton bean 'org.springframework.context.event.internalEventListenerFactory'
2021-06-04 10:27:01 上午 [Thread: main][ Class:org.springframework.beans.factory.support.DefaultListableBeanFactory >> Method: org.springframework.beans.factory.support.DefaultSingletonBeanRegistry.getSingleton(DefaultSingletonBeanRegistry.java:213) ]
DEBUG:Creating shared instance of singleton bean 'org.springframework.context.annotation.internalAutowiredAnnotationProcessor'
2021-06-04 10:27:01 上午 [Thread: main][ Class:org.springframework.beans.factory.support.DefaultListableBeanFactory >> Method: org.springframework.beans.factory.support.DefaultSingletonBeanRegistry.getSingleton(DefaultSingletonBeanRegistry.java:213) ]
DEBUG:Creating shared instance of singleton bean 'org.springframework.context.annotation.internalCommonAnnotationProcessor'
2021-06-04 10:27:01 上午 [Thread: main][ Class:org.springframework.beans.factory.support.DefaultListableBeanFactory >> Method: org.springframework.beans.factory.support.DefaultSingletonBeanRegistry.getSingleton(DefaultSingletonBeanRegistry.java:213) ]
DEBUG:Creating shared instance of singleton bean 'org.springframework.aop.config.internalAutoProxyCreator'
2021-06-04 10:27:01 上午 [Thread: main][ Class:org.springframework.beans.factory.support.DefaultListableBeanFactory >> Method: org.springframework.beans.factory.support.DefaultSingletonBeanRegistry.getSingleton(DefaultSingletonBeanRegistry.java:213) ]
DEBUG:Creating shared instance of singleton bean 'myBeanPostProcesser'
2021-06-04 10:27:01 上午 [Thread: main][ Class:org.springframework.beans.factory.support.DefaultListableBeanFactory >> Method: org.springframework.beans.factory.support.DefaultSingletonBeanRegistry.getSingleton(DefaultSingletonBeanRegistry.java:213) ]
DEBUG:Creating shared instance of singleton bean 'org.springframework.aop.support.DefaultBeanFactoryPointcutAdvisor#0'
2021-06-04 10:27:01 上午 [Thread: main][ Class:org.springframework.context.support.PostProcessorRegistrationDelegate$BeanPostProcessorChecker >> Method: org.springframework.context.support.PostProcessorRegistrationDelegate$BeanPostProcessorChecker.postProcessAfterInitialization(PostProcessorRegistrationDelegate.java:330) ]
INFO:Bean 'org.springframework.aop.support.DefaultBeanFactoryPointcutAdvisor#0' of type [org.springframework.aop.support.DefaultBeanFactoryPointcutAdvisor] is not eligible for getting processed by all BeanPostProcessors (for example: not eligible for auto-proxying)
2021-06-04 10:27:01 上午 [Thread: main][ Class:org.springframework.beans.factory.support.DefaultListableBeanFactory >> Method: org.springframework.beans.factory.support.DefaultSingletonBeanRegistry.getSingleton(DefaultSingletonBeanRegistry.java:213) ]
DEBUG:Creating shared instance of singleton bean 'org.springframework.aop.support.DefaultBeanFactoryPointcutAdvisor#1'
2021-06-04 10:27:01 上午 [Thread: main][ Class:org.springframework.context.support.PostProcessorRegistrationDelegate$BeanPostProcessorChecker >> Method: org.springframework.context.support.PostProcessorRegistrationDelegate$BeanPostProcessorChecker.postProcessAfterInitialization(PostProcessorRegistrationDelegate.java:330) ]
INFO:Bean 'org.springframework.aop.support.DefaultBeanFactoryPointcutAdvisor#1' of type [org.springframework.aop.support.DefaultBeanFactoryPointcutAdvisor] is not eligible for getting processed by all BeanPostProcessors (for example: not eligible for auto-proxying)
2021-06-04 10:27:01 上午 [Thread: main][ Class:org.springframework.beans.factory.support.DefaultListableBeanFactory >> Method: org.springframework.beans.factory.support.DefaultSingletonBeanRegistry.getSingleton(DefaultSingletonBeanRegistry.java:213) ]
DEBUG:Creating shared instance of singleton bean 'conversionService'
2021-06-04 10:27:01 上午 [Thread: main][ Class:org.springframework.beans.factory.support.DefaultListableBeanFactory >> Method: org.springframework.beans.factory.support.DefaultSingletonBeanRegistry.getSingleton(DefaultSingletonBeanRegistry.java:213) ]
DEBUG:Creating shared instance of singleton bean 'dateConverter'
2021-06-04 10:27:01 上午 [Thread: main][ Class:org.springframework.beans.factory.support.DefaultListableBeanFactory >> Method: org.springframework.beans.factory.support.DefaultSingletonBeanRegistry.getSingleton(DefaultSingletonBeanRegistry.java:213) ]
DEBUG:Creating shared instance of singleton bean 'userServiceImpl'
2021-06-04 10:27:01 上午 [Thread: main][ Class:org.springframework.beans.factory.support.DefaultListableBeanFactory >> Method: org.springframework.beans.factory.support.DefaultSingletonBeanRegistry.getSingleton(DefaultSingletonBeanRegistry.java:213) ]
DEBUG:Creating shared instance of singleton bean 'myProxyMethodBeforeAdvice'
2021-06-04 10:27:01 上午 [Thread: main][ Class:org.springframework.beans.factory.support.DefaultListableBeanFactory >> Method: org.springframework.beans.factory.support.DefaultSingletonBeanRegistry.getSingleton(DefaultSingletonBeanRegistry.java:213) ]
DEBUG:Creating shared instance of singleton bean 'myArround'
2021-06-04 10:27:01 上午 [Thread: main][ Class:org.springframework.beans.factory.support.DefaultListableBeanFactory >> Method: org.springframework.beans.factory.support.DefaultSingletonBeanRegistry.getSingleton(DefaultSingletonBeanRegistry.java:213) ]
DEBUG:Creating shared instance of singleton bean 'myConnection'
2021-06-04 10:27:01 上午 [Thread: main][ Class:org.springframework.beans.factory.support.DefaultListableBeanFactory >> Method: org.springframework.beans.factory.support.DefaultSingletonBeanRegistry.getSingleton(DefaultSingletonBeanRegistry.java:213) ]
DEBUG:Creating shared instance of singleton bean 'customer'
2021-06-04 10:27:01 上午 [Thread: main][ Class:org.springframework.beans.factory.support.DefaultListableBeanFactory >> Method: org.springframework.beans.factory.support.DefaultSingletonBeanRegistry.getSingleton(DefaultSingletonBeanRegistry.java:213) ]
DEBUG:Creating shared instance of singleton bean 'customer2'
2021-06-04 11:05:18 上午 [Thread: main][ Class:org.springframework.context.support.ClassPathXmlApplicationContext >> Method: org.springframework.context.support.AbstractApplicationContext.prepareRefresh(AbstractApplicationContext.java:590) ]
DEBUG:Refreshing org.springframework.context.support.ClassPathXmlApplicationContext@3b6eb2ec
2021-06-04 11:05:18 上午 [Thread: main][ Class:org.springframework.core.KotlinDetector >> Method: org.springframework.core.KotlinDetector.<clinit>(KotlinDetector.java:57) ]
INFO:Kotlin reflection implementation not found at runtime, related features won't be available.
2021-06-04 11:05:18 上午 [Thread: main][ Class:org.springframework.context.annotation.ClassPathBeanDefinitionScanner >> Method: org.springframework.context.annotation.ClassPathScanningCandidateComponentProvider.scanCandidateComponents(ClassPathScanningCandidateComponentProvider.java:437) ]
DEBUG:Identified candidate component class: file [D:\project\spring\target\classes\com\zpark\basic\service\impl\UserServiceImpl.class]
2021-06-04 11:05:18 上午 [Thread: main][ Class:org.springframework.context.annotation.ClassPathBeanDefinitionScanner >> Method: org.springframework.context.annotation.ClassPathScanningCandidateComponentProvider.scanCandidateComponents(ClassPathScanningCandidateComponentProvider.java:437) ]
DEBUG:Identified candidate component class: file [D:\project\spring\target\classes\com\zpark\basic\service\proxy\MyArround.class]
2021-06-04 11:05:18 上午 [Thread: main][ Class:org.springframework.context.annotation.ClassPathBeanDefinitionScanner >> Method: org.springframework.context.annotation.ClassPathScanningCandidateComponentProvider.scanCandidateComponents(ClassPathScanningCandidateComponentProvider.java:437) ]
DEBUG:Identified candidate component class: file [D:\project\spring\target\classes\com\zpark\basic\service\proxy\MyProxyMethodBeforeAdvice.class]
2021-06-04 11:05:18 上午 [Thread: main][ Class:org.springframework.beans.factory.xml.XmlBeanDefinitionReader >> Method: org.springframework.beans.factory.xml.XmlBeanDefinitionReader.doLoadBeanDefinitions(XmlBeanDefinitionReader.java:395) ]
DEBUG:Loaded 19 bean definitions from class path resource [applicationContext2.xml]
2021-06-04 11:05:18 上午 [Thread: main][ Class:org.springframework.beans.factory.support.DefaultListableBeanFactory >> Method: org.springframework.beans.factory.support.DefaultSingletonBeanRegistry.getSingleton(DefaultSingletonBeanRegistry.java:213) ]
DEBUG:Creating shared instance of singleton bean 'org.springframework.context.annotation.internalConfigurationAnnotationProcessor'
2021-06-04 11:05:18 上午 [Thread: main][ Class:org.springframework.beans.factory.support.DefaultListableBeanFactory >> Method: org.springframework.beans.factory.support.DefaultSingletonBeanRegistry.getSingleton(DefaultSingletonBeanRegistry.java:213) ]
DEBUG:Creating shared instance of singleton bean 'org.springframework.context.support.PropertySourcesPlaceholderConfigurer#0'
2021-06-04 11:05:18 上午 [Thread: main][ Class:org.springframework.core.env.PropertySourcesPropertyResolver >> Method: org.springframework.core.env.PropertySourcesPropertyResolver.logKeyFound(PropertySourcesPropertyResolver.java:115) ]
DEBUG:Found key 'jdbc.driverClassName' in PropertySource 'localProperties' with value of type String
2021-06-04 11:05:18 上午 [Thread: main][ Class:org.springframework.core.env.PropertySourcesPropertyResolver >> Method: org.springframework.core.env.PropertySourcesPropertyResolver.logKeyFound(PropertySourcesPropertyResolver.java:115) ]
DEBUG:Found key 'jdbc.url' in PropertySource 'localProperties' with value of type String
2021-06-04 11:05:18 上午 [Thread: main][ Class:org.springframework.core.env.PropertySourcesPropertyResolver >> Method: org.springframework.core.env.PropertySourcesPropertyResolver.logKeyFound(PropertySourcesPropertyResolver.java:115) ]
DEBUG:Found key 'jdbc.username' in PropertySource 'localProperties' with value of type String
2021-06-04 11:05:18 上午 [Thread: main][ Class:org.springframework.core.env.PropertySourcesPropertyResolver >> Method: org.springframework.core.env.PropertySourcesPropertyResolver.logKeyFound(PropertySourcesPropertyResolver.java:115) ]
DEBUG:Found key 'jdbc.password' in PropertySource 'localProperties' with value of type String
2021-06-04 11:05:18 上午 [Thread: main][ Class:org.springframework.beans.factory.support.DefaultListableBeanFactory >> Method: org.springframework.beans.factory.support.DefaultSingletonBeanRegistry.getSingleton(DefaultSingletonBeanRegistry.java:213) ]
DEBUG:Creating shared instance of singleton bean 'org.springframework.context.event.internalEventListenerProcessor'
2021-06-04 11:05:18 上午 [Thread: main][ Class:org.springframework.beans.factory.support.DefaultListableBeanFactory >> Method: org.springframework.beans.factory.support.DefaultSingletonBeanRegistry.getSingleton(DefaultSingletonBeanRegistry.java:213) ]
DEBUG:Creating shared instance of singleton bean 'org.springframework.context.event.internalEventListenerFactory'
2021-06-04 11:05:18 上午 [Thread: main][ Class:org.springframework.beans.factory.support.DefaultListableBeanFactory >> Method: org.springframework.beans.factory.support.DefaultSingletonBeanRegistry.getSingleton(DefaultSingletonBeanRegistry.java:213) ]
DEBUG:Creating shared instance of singleton bean 'org.springframework.context.annotation.internalAutowiredAnnotationProcessor'
2021-06-04 11:05:18 上午 [Thread: main][ Class:org.springframework.beans.factory.support.DefaultListableBeanFactory >> Method: org.springframework.beans.factory.support.DefaultSingletonBeanRegistry.getSingleton(DefaultSingletonBeanRegistry.java:213) ]
DEBUG:Creating shared instance of singleton bean 'org.springframework.context.annotation.internalCommonAnnotationProcessor'
2021-06-04 11:05:19 上午 [Thread: main][ Class:org.springframework.beans.factory.support.DefaultListableBeanFactory >> Method: org.springframework.beans.factory.support.DefaultSingletonBeanRegistry.getSingleton(DefaultSingletonBeanRegistry.java:213) ]
DEBUG:Creating shared instance of singleton bean 'org.springframework.aop.config.internalAutoProxyCreator'
2021-06-04 11:05:19 上午 [Thread: main][ Class:org.springframework.beans.factory.support.DefaultListableBeanFactory >> Method: org.springframework.beans.factory.support.DefaultSingletonBeanRegistry.getSingleton(DefaultSingletonBeanRegistry.java:213) ]
DEBUG:Creating shared instance of singleton bean 'myBeanPostProcesser'
2021-06-04 11:05:19 上午 [Thread: main][ Class:org.springframework.beans.factory.support.DefaultListableBeanFactory >> Method: org.springframework.beans.factory.support.DefaultSingletonBeanRegistry.getSingleton(DefaultSingletonBeanRegistry.java:213) ]
DEBUG:Creating shared instance of singleton bean 'org.springframework.aop.support.DefaultBeanFactoryPointcutAdvisor#0'
2021-06-04 11:05:19 上午 [Thread: main][ Class:org.springframework.context.support.PostProcessorRegistrationDelegate$BeanPostProcessorChecker >> Method: org.springframework.context.support.PostProcessorRegistrationDelegate$BeanPostProcessorChecker.postProcessAfterInitialization(PostProcessorRegistrationDelegate.java:330) ]
INFO:Bean 'org.springframework.aop.support.DefaultBeanFactoryPointcutAdvisor#0' of type [org.springframework.aop.support.DefaultBeanFactoryPointcutAdvisor] is not eligible for getting processed by all BeanPostProcessors (for example: not eligible for auto-proxying)
2021-06-04 11:05:19 上午 [Thread: main][ Class:org.springframework.beans.factory.support.DefaultListableBeanFactory >> Method: org.springframework.beans.factory.support.DefaultSingletonBeanRegistry.getSingleton(DefaultSingletonBeanRegistry.java:213) ]
DEBUG:Creating shared instance of singleton bean 'org.springframework.aop.support.DefaultBeanFactoryPointcutAdvisor#1'
2021-06-04 11:05:19 上午 [Thread: main][ Class:org.springframework.context.support.PostProcessorRegistrationDelegate$BeanPostProcessorChecker >> Method: org.springframework.context.support.PostProcessorRegistrationDelegate$BeanPostProcessorChecker.postProcessAfterInitialization(PostProcessorRegistrationDelegate.java:330) ]
INFO:Bean 'org.springframework.aop.support.DefaultBeanFactoryPointcutAdvisor#1' of type [org.springframework.aop.support.DefaultBeanFactoryPointcutAdvisor] is not eligible for getting processed by all BeanPostProcessors (for example: not eligible for auto-proxying)
2021-06-04 11:05:19 上午 [Thread: main][ Class:org.springframework.beans.factory.support.DefaultListableBeanFactory >> Method: org.springframework.beans.factory.support.DefaultSingletonBeanRegistry.getSingleton(DefaultSingletonBeanRegistry.java:213) ]
DEBUG:Creating shared instance of singleton bean 'myProxyMethodBeforeAdvice'
2021-06-04 11:05:19 上午 [Thread: main][ Class:org.springframework.context.support.PostProcessorRegistrationDelegate$BeanPostProcessorChecker >> Method: org.springframework.context.support.PostProcessorRegistrationDelegate$BeanPostProcessorChecker.postProcessAfterInitialization(PostProcessorRegistrationDelegate.java:330) ]
INFO:Bean 'myProxyMethodBeforeAdvice' of type [com.zpark.basic.service.proxy.MyProxyMethodBeforeAdvice] is not eligible for getting processed by all BeanPostProcessors (for example: not eligible for auto-proxying)
2021-06-04 11:05:19 上午 [Thread: main][ Class:org.springframework.beans.factory.support.DefaultListableBeanFactory >> Method: org.springframework.beans.factory.support.DefaultSingletonBeanRegistry.getSingleton(DefaultSingletonBeanRegistry.java:213) ]
DEBUG:Creating shared instance of singleton bean 'myArround'
2021-06-04 11:05:19 上午 [Thread: main][ Class:org.springframework.context.support.PostProcessorRegistrationDelegate$BeanPostProcessorChecker >> Method: org.springframework.context.support.PostProcessorRegistrationDelegate$BeanPostProcessorChecker.postProcessAfterInitialization(PostProcessorRegistrationDelegate.java:330) ]
INFO:Bean 'myArround' of type [com.zpark.basic.service.proxy.MyArround] is not eligible for getting processed by all BeanPostProcessors (for example: not eligible for auto-proxying)
2021-06-04 11:05:19 上午 [Thread: main][ Class:org.springframework.beans.factory.support.DefaultListableBeanFactory >> Method: org.springframework.beans.factory.support.DefaultSingletonBeanRegistry.getSingleton(DefaultSingletonBeanRegistry.java:213) ]
DEBUG:Creating shared instance of singleton bean 'conversionService'
2021-06-04 11:05:19 上午 [Thread: main][ Class:org.springframework.beans.factory.support.DefaultListableBeanFactory >> Method: org.springframework.beans.factory.support.DefaultSingletonBeanRegistry.getSingleton(DefaultSingletonBeanRegistry.java:213) ]
DEBUG:Creating shared instance of singleton bean 'dateConverter'
2021-06-04 11:05:19 上午 [Thread: main][ Class:org.springframework.beans.factory.support.DefaultListableBeanFactory >> Method: org.springframework.beans.factory.support.DefaultSingletonBeanRegistry.getSingleton(DefaultSingletonBeanRegistry.java:213) ]
DEBUG:Creating shared instance of singleton bean 'userServiceImpl'
2021-06-04 11:05:19 上午 [Thread: main][ Class:org.springframework.beans.factory.support.DefaultListableBeanFactory >> Method: org.springframework.beans.factory.support.DefaultSingletonBeanRegistry.getSingleton(DefaultSingletonBeanRegistry.java:213) ]
DEBUG:Creating shared instance of singleton bean 'myConnection'
2021-06-04 11:05:19 上午 [Thread: main][ Class:org.springframework.beans.factory.support.DefaultListableBeanFactory >> Method: org.springframework.beans.factory.support.DefaultSingletonBeanRegistry.getSingleton(DefaultSingletonBeanRegistry.java:213) ]
DEBUG:Creating shared instance of singleton bean 'customer'
2021-06-04 11:05:19 上午 [Thread: main][ Class:org.springframework.beans.factory.support.DefaultListableBeanFactory >> Method: org.springframework.beans.factory.support.DefaultSingletonBeanRegistry.getSingleton(DefaultSingletonBeanRegistry.java:213) ]
DEBUG:Creating shared instance of singleton bean 'customer2'
2021-06-04 11:09:15 上午 [Thread: main][ Class:org.springframework.context.support.ClassPathXmlApplicationContext >> Method: org.springframework.context.support.AbstractApplicationContext.prepareRefresh(AbstractApplicationContext.java:590) ]
DEBUG:Refreshing org.springframework.context.support.ClassPathXmlApplicationContext@3b6eb2ec
2021-06-04 11:09:15 上午 [Thread: main][ Class:org.springframework.core.KotlinDetector >> Method: org.springframework.core.KotlinDetector.<clinit>(KotlinDetector.java:57) ]
INFO:Kotlin reflection implementation not found at runtime, related features won't be available.
2021-06-04 11:09:15 上午 [Thread: main][ Class:org.springframework.context.annotation.ClassPathBeanDefinitionScanner >> Method: org.springframework.context.annotation.ClassPathScanningCandidateComponentProvider.scanCandidateComponents(ClassPathScanningCandidateComponentProvider.java:437) ]
DEBUG:Identified candidate component class: file [D:\project\spring\target\classes\com\zpark\basic\service\impl\UserServiceImpl.class]
2021-06-04 11:09:15 上午 [Thread: main][ Class:org.springframework.context.annotation.ClassPathBeanDefinitionScanner >> Method: org.springframework.context.annotation.ClassPathScanningCandidateComponentProvider.scanCandidateComponents(ClassPathScanningCandidateComponentProvider.java:437) ]
DEBUG:Identified candidate component class: file [D:\project\spring\target\classes\com\zpark\basic\service\proxy\MyArround.class]
2021-06-04 11:09:15 上午 [Thread: main][ Class:org.springframework.context.annotation.ClassPathBeanDefinitionScanner >> Method: org.springframework.context.annotation.ClassPathScanningCandidateComponentProvider.scanCandidateComponents(ClassPathScanningCandidateComponentProvider.java:437) ]
DEBUG:Identified candidate component class: file [D:\project\spring\target\classes\com\zpark\basic\service\proxy\MyProxyMethodBeforeAdvice.class]
2021-06-04 11:09:15 上午 [Thread: main][ Class:org.springframework.beans.factory.xml.XmlBeanDefinitionReader >> Method: org.springframework.beans.factory.xml.XmlBeanDefinitionReader.doLoadBeanDefinitions(XmlBeanDefinitionReader.java:395) ]
DEBUG:Loaded 19 bean definitions from class path resource [applicationContext2.xml]
2021-06-04 11:09:15 上午 [Thread: main][ Class:org.springframework.beans.factory.support.DefaultListableBeanFactory >> Method: org.springframework.beans.factory.support.DefaultSingletonBeanRegistry.getSingleton(DefaultSingletonBeanRegistry.java:213) ]
DEBUG:Creating shared instance of singleton bean 'org.springframework.context.annotation.internalConfigurationAnnotationProcessor'
2021-06-04 11:09:15 上午 [Thread: main][ Class:org.springframework.beans.factory.support.DefaultListableBeanFactory >> Method: org.springframework.beans.factory.support.DefaultSingletonBeanRegistry.getSingleton(DefaultSingletonBeanRegistry.java:213) ]
DEBUG:Creating shared instance of singleton bean 'org.springframework.context.support.PropertySourcesPlaceholderConfigurer#0'
2021-06-04 11:09:15 上午 [Thread: main][ Class:org.springframework.core.env.PropertySourcesPropertyResolver >> Method: org.springframework.core.env.PropertySourcesPropertyResolver.logKeyFound(PropertySourcesPropertyResolver.java:115) ]
DEBUG:Found key 'jdbc.driverClassName' in PropertySource 'localProperties' with value of type String
2021-06-04 11:09:15 上午 [Thread: main][ Class:org.springframework.core.env.PropertySourcesPropertyResolver >> Method: org.springframework.core.env.PropertySourcesPropertyResolver.logKeyFound(PropertySourcesPropertyResolver.java:115) ]
DEBUG:Found key 'jdbc.url' in PropertySource 'localProperties' with value of type String
2021-06-04 11:09:15 上午 [Thread: main][ Class:org.springframework.core.env.PropertySourcesPropertyResolver >> Method: org.springframework.core.env.PropertySourcesPropertyResolver.logKeyFound(PropertySourcesPropertyResolver.java:115) ]
DEBUG:Found key 'jdbc.username' in PropertySource 'localProperties' with value of type String
2021-06-04 11:09:15 上午 [Thread: main][ Class:org.springframework.core.env.PropertySourcesPropertyResolver >> Method: org.springframework.core.env.PropertySourcesPropertyResolver.logKeyFound(PropertySourcesPropertyResolver.java:115) ]
DEBUG:Found key 'jdbc.password' in PropertySource 'localProperties' with value of type String
2021-06-04 11:09:15 上午 [Thread: main][ Class:org.springframework.beans.factory.support.DefaultListableBeanFactory >> Method: org.springframework.beans.factory.support.DefaultSingletonBeanRegistry.getSingleton(DefaultSingletonBeanRegistry.java:213) ]
DEBUG:Creating shared instance of singleton bean 'org.springframework.context.event.internalEventListenerProcessor'
2021-06-04 11:09:15 上午 [Thread: main][ Class:org.springframework.beans.factory.support.DefaultListableBeanFactory >> Method: org.springframework.beans.factory.support.DefaultSingletonBeanRegistry.getSingleton(DefaultSingletonBeanRegistry.java:213) ]
DEBUG:Creating shared instance of singleton bean 'org.springframework.context.event.internalEventListenerFactory'
2021-06-04 11:09:15 上午 [Thread: main][ Class:org.springframework.beans.factory.support.DefaultListableBeanFactory >> Method: org.springframework.beans.factory.support.DefaultSingletonBeanRegistry.getSingleton(DefaultSingletonBeanRegistry.java:213) ]
DEBUG:Creating shared instance of singleton bean 'org.springframework.context.annotation.internalAutowiredAnnotationProcessor'
2021-06-04 11:09:15 上午 [Thread: main][ Class:org.springframework.beans.factory.support.DefaultListableBeanFactory >> Method: org.springframework.beans.factory.support.DefaultSingletonBeanRegistry.getSingleton(DefaultSingletonBeanRegistry.java:213) ]
DEBUG:Creating shared instance of singleton bean 'org.springframework.context.annotation.internalCommonAnnotationProcessor'
2021-06-04 11:09:15 上午 [Thread: main][ Class:org.springframework.beans.factory.support.DefaultListableBeanFactory >> Method: org.springframework.beans.factory.support.DefaultSingletonBeanRegistry.getSingleton(DefaultSingletonBeanRegistry.java:213) ]
DEBUG:Creating shared instance of singleton bean 'org.springframework.aop.config.internalAutoProxyCreator'
2021-06-04 11:09:15 上午 [Thread: main][ Class:org.springframework.beans.factory.support.DefaultListableBeanFactory >> Method: org.springframework.beans.factory.support.DefaultSingletonBeanRegistry.getSingleton(DefaultSingletonBeanRegistry.java:213) ]
DEBUG:Creating shared instance of singleton bean 'myBeanPostProcesser'
2021-06-04 11:09:15 上午 [Thread: main][ Class:org.springframework.beans.factory.support.DefaultListableBeanFactory >> Method: org.springframework.beans.factory.support.DefaultSingletonBeanRegistry.getSingleton(DefaultSingletonBeanRegistry.java:213) ]
DEBUG:Creating shared instance of singleton bean 'org.springframework.aop.support.DefaultBeanFactoryPointcutAdvisor#0'
2021-06-04 11:09:15 上午 [Thread: main][ Class:org.springframework.context.support.PostProcessorRegistrationDelegate$BeanPostProcessorChecker >> Method: org.springframework.context.support.PostProcessorRegistrationDelegate$BeanPostProcessorChecker.postProcessAfterInitialization(PostProcessorRegistrationDelegate.java:330) ]
INFO:Bean 'org.springframework.aop.support.DefaultBeanFactoryPointcutAdvisor#0' of type [org.springframework.aop.support.DefaultBeanFactoryPointcutAdvisor] is not eligible for getting processed by all BeanPostProcessors (for example: not eligible for auto-proxying)
2021-06-04 11:09:15 上午 [Thread: main][ Class:org.springframework.beans.factory.support.DefaultListableBeanFactory >> Method: org.springframework.beans.factory.support.DefaultSingletonBeanRegistry.getSingleton(DefaultSingletonBeanRegistry.java:213) ]
DEBUG:Creating shared instance of singleton bean 'org.springframework.aop.support.DefaultBeanFactoryPointcutAdvisor#1'
2021-06-04 11:09:15 上午 [Thread: main][ Class:org.springframework.context.support.PostProcessorRegistrationDelegate$BeanPostProcessorChecker >> Method: org.springframework.context.support.PostProcessorRegistrationDelegate$BeanPostProcessorChecker.postProcessAfterInitialization(PostProcessorRegistrationDelegate.java:330) ]
INFO:Bean 'org.springframework.aop.support.DefaultBeanFactoryPointcutAdvisor#1' of type [org.springframework.aop.support.DefaultBeanFactoryPointcutAdvisor] is not eligible for getting processed by all BeanPostProcessors (for example: not eligible for auto-proxying)
2021-06-04 11:09:15 上午 [Thread: main][ Class:org.springframework.beans.factory.support.DefaultListableBeanFactory >> Method: org.springframework.beans.factory.support.DefaultSingletonBeanRegistry.getSingleton(DefaultSingletonBeanRegistry.java:213) ]
DEBUG:Creating shared instance of singleton bean 'conversionService'
2021-06-04 11:09:15 上午 [Thread: main][ Class:org.springframework.beans.factory.support.DefaultListableBeanFactory >> Method: org.springframework.beans.factory.support.DefaultSingletonBeanRegistry.getSingleton(DefaultSingletonBeanRegistry.java:213) ]
DEBUG:Creating shared instance of singleton bean 'dateConverter'
2021-06-04 11:09:15 上午 [Thread: main][ Class:org.springframework.beans.factory.support.DefaultListableBeanFactory >> Method: org.springframework.beans.factory.support.DefaultSingletonBeanRegistry.getSingleton(DefaultSingletonBeanRegistry.java:213) ]
DEBUG:Creating shared instance of singleton bean 'userServiceImpl'
2021-06-04 11:09:15 上午 [Thread: main][ Class:org.springframework.beans.factory.support.DefaultListableBeanFactory >> Method: org.springframework.beans.factory.support.DefaultSingletonBeanRegistry.getSingleton(DefaultSingletonBeanRegistry.java:213) ]
DEBUG:Creating shared instance of singleton bean 'myArround'
2021-06-04 11:09:15 上午 [Thread: main][ Class:org.springframework.beans.factory.support.DefaultListableBeanFactory >> Method: org.springframework.beans.factory.support.DefaultSingletonBeanRegistry.getSingleton(DefaultSingletonBeanRegistry.java:213) ]
DEBUG:Creating shared instance of singleton bean 'myProxyMethodBeforeAdvice'
2021-06-04 11:09:15 上午 [Thread: main][ Class:org.springframework.beans.factory.support.DefaultListableBeanFactory >> Method: org.springframework.beans.factory.support.DefaultSingletonBeanRegistry.getSingleton(DefaultSingletonBeanRegistry.java:213) ]
DEBUG:Creating shared instance of singleton bean 'myConnection'
2021-06-04 11:09:15 上午 [Thread: main][ Class:org.springframework.beans.factory.support.DefaultListableBeanFactory >> Method: org.springframework.beans.factory.support.DefaultSingletonBeanRegistry.getSingleton(DefaultSingletonBeanRegistry.java:213) ]
DEBUG:Creating shared instance of singleton bean 'customer'
2021-06-04 11:09:15 上午 [Thread: main][ Class:org.springframework.beans.factory.support.DefaultListableBeanFactory >> Method: org.springframework.beans.factory.support.DefaultSingletonBeanRegistry.getSingleton(DefaultSingletonBeanRegistry.java:213) ]
DEBUG:Creating shared instance of singleton bean 'customer2'
2021-06-04 11:09:44 上午 [Thread: main][ Class:org.springframework.context.support.ClassPathXmlApplicationContext >> Method: org.springframework.context.support.AbstractApplicationContext.prepareRefresh(AbstractApplicationContext.java:590) ]
DEBUG:Refreshing org.springframework.context.support.ClassPathXmlApplicationContext@3b6eb2ec
2021-06-04 11:09:44 上午 [Thread: main][ Class:org.springframework.core.KotlinDetector >> Method: org.springframework.core.KotlinDetector.<clinit>(KotlinDetector.java:57) ]
INFO:Kotlin reflection implementation not found at runtime, related features won't be available.
2021-06-04 11:09:44 上午 [Thread: main][ Class:org.springframework.context.annotation.ClassPathBeanDefinitionScanner >> Method: org.springframework.context.annotation.ClassPathScanningCandidateComponentProvider.scanCandidateComponents(ClassPathScanningCandidateComponentProvider.java:437) ]
DEBUG:Identified candidate component class: file [D:\project\spring\target\classes\com\zpark\basic\service\impl\UserServiceImpl.class]
2021-06-04 11:09:44 上午 [Thread: main][ Class:org.springframework.context.annotation.ClassPathBeanDefinitionScanner >> Method: org.springframework.context.annotation.ClassPathScanningCandidateComponentProvider.scanCandidateComponents(ClassPathScanningCandidateComponentProvider.java:437) ]
DEBUG:Identified candidate component class: file [D:\project\spring\target\classes\com\zpark\basic\service\proxy\MyArround.class]
2021-06-04 11:09:44 上午 [Thread: main][ Class:org.springframework.context.annotation.ClassPathBeanDefinitionScanner >> Method: org.springframework.context.annotation.ClassPathScanningCandidateComponentProvider.scanCandidateComponents(ClassPathScanningCandidateComponentProvider.java:437) ]
DEBUG:Identified candidate component class: file [D:\project\spring\target\classes\com\zpark\basic\service\proxy\MyProxyMethodBeforeAdvice.class]
2021-06-04 11:09:44 上午 [Thread: main][ Class:org.springframework.beans.factory.xml.XmlBeanDefinitionReader >> Method: org.springframework.beans.factory.xml.XmlBeanDefinitionReader.doLoadBeanDefinitions(XmlBeanDefinitionReader.java:395) ]
DEBUG:Loaded 19 bean definitions from class path resource [applicationContext2.xml]
2021-06-04 11:09:44 上午 [Thread: main][ Class:org.springframework.beans.factory.support.DefaultListableBeanFactory >> Method: org.springframework.beans.factory.support.DefaultSingletonBeanRegistry.getSingleton(DefaultSingletonBeanRegistry.java:213) ]
DEBUG:Creating shared instance of singleton bean 'org.springframework.context.annotation.internalConfigurationAnnotationProcessor'
2021-06-04 11:09:44 上午 [Thread: main][ Class:org.springframework.beans.factory.support.DefaultListableBeanFactory >> Method: org.springframework.beans.factory.support.DefaultSingletonBeanRegistry.getSingleton(DefaultSingletonBeanRegistry.java:213) ]
DEBUG:Creating shared instance of singleton bean 'org.springframework.context.support.PropertySourcesPlaceholderConfigurer#0'
2021-06-04 11:09:44 上午 [Thread: main][ Class:org.springframework.core.env.PropertySourcesPropertyResolver >> Method: org.springframework.core.env.PropertySourcesPropertyResolver.logKeyFound(PropertySourcesPropertyResolver.java:115) ]
DEBUG:Found key 'jdbc.driverClassName' in PropertySource 'localProperties' with value of type String
2021-06-04 11:09:44 上午 [Thread: main][ Class:org.springframework.core.env.PropertySourcesPropertyResolver >> Method: org.springframework.core.env.PropertySourcesPropertyResolver.logKeyFound(PropertySourcesPropertyResolver.java:115) ]
DEBUG:Found key 'jdbc.url' in PropertySource 'localProperties' with value of type String
2021-06-04 11:09:44 上午 [Thread: main][ Class:org.springframework.core.env.PropertySourcesPropertyResolver >> Method: org.springframework.core.env.PropertySourcesPropertyResolver.logKeyFound(PropertySourcesPropertyResolver.java:115) ]
DEBUG:Found key 'jdbc.username' in PropertySource 'localProperties' with value of type String
2021-06-04 11:09:44 上午 [Thread: main][ Class:org.springframework.core.env.PropertySourcesPropertyResolver >> Method: org.springframework.core.env.PropertySourcesPropertyResolver.logKeyFound(PropertySourcesPropertyResolver.java:115) ]
DEBUG:Found key 'jdbc.password' in PropertySource 'localProperties' with value of type String
2021-06-04 11:09:44 上午 [Thread: main][ Class:org.springframework.beans.factory.support.DefaultListableBeanFactory >> Method: org.springframework.beans.factory.support.DefaultSingletonBeanRegistry.getSingleton(DefaultSingletonBeanRegistry.java:213) ]
DEBUG:Creating shared instance of singleton bean 'org.springframework.context.event.internalEventListenerProcessor'
2021-06-04 11:09:44 上午 [Thread: main][ Class:org.springframework.beans.factory.support.DefaultListableBeanFactory >> Method: org.springframework.beans.factory.support.DefaultSingletonBeanRegistry.getSingleton(DefaultSingletonBeanRegistry.java:213) ]
DEBUG:Creating shared instance of singleton bean 'org.springframework.context.event.internalEventListenerFactory'
2021-06-04 11:09:44 上午 [Thread: main][ Class:org.springframework.beans.factory.support.DefaultListableBeanFactory >> Method: org.springframework.beans.factory.support.DefaultSingletonBeanRegistry.getSingleton(DefaultSingletonBeanRegistry.java:213) ]
DEBUG:Creating shared instance of singleton bean 'org.springframework.context.annotation.internalAutowiredAnnotationProcessor'
2021-06-04 11:09:44 上午 [Thread: main][ Class:org.springframework.beans.factory.support.DefaultListableBeanFactory >> Method: org.springframework.beans.factory.support.DefaultSingletonBeanRegistry.getSingleton(DefaultSingletonBeanRegistry.java:213) ]
DEBUG:Creating shared instance of singleton bean 'org.springframework.context.annotation.internalCommonAnnotationProcessor'
2021-06-04 11:09:44 上午 [Thread: main][ Class:org.springframework.beans.factory.support.DefaultListableBeanFactory >> Method: org.springframework.beans.factory.support.DefaultSingletonBeanRegistry.getSingleton(DefaultSingletonBeanRegistry.java:213) ]
DEBUG:Creating shared instance of singleton bean 'org.springframework.aop.config.internalAutoProxyCreator'
2021-06-04 11:09:44 上午 [Thread: main][ Class:org.springframework.beans.factory.support.DefaultListableBeanFactory >> Method: org.springframework.beans.factory.support.DefaultSingletonBeanRegistry.getSingleton(DefaultSingletonBeanRegistry.java:213) ]
DEBUG:Creating shared instance of singleton bean 'myBeanPostProcesser'
2021-06-04 11:09:44 上午 [Thread: main][ Class:org.springframework.beans.factory.support.DefaultListableBeanFactory >> Method: org.springframework.beans.factory.support.DefaultSingletonBeanRegistry.getSingleton(DefaultSingletonBeanRegistry.java:213) ]
DEBUG:Creating shared instance of singleton bean 'org.springframework.aop.support.DefaultBeanFactoryPointcutAdvisor#0'
2021-06-04 11:09:44 上午 [Thread: main][ Class:org.springframework.context.support.PostProcessorRegistrationDelegate$BeanPostProcessorChecker >> Method: org.springframework.context.support.PostProcessorRegistrationDelegate$BeanPostProcessorChecker.postProcessAfterInitialization(PostProcessorRegistrationDelegate.java:330) ]
INFO:Bean 'org.springframework.aop.support.DefaultBeanFactoryPointcutAdvisor#0' of type [org.springframework.aop.support.DefaultBeanFactoryPointcutAdvisor] is not eligible for getting processed by all BeanPostProcessors (for example: not eligible for auto-proxying)
2021-06-04 11:09:44 上午 [Thread: main][ Class:org.springframework.beans.factory.support.DefaultListableBeanFactory >> Method: org.springframework.beans.factory.support.DefaultSingletonBeanRegistry.getSingleton(DefaultSingletonBeanRegistry.java:213) ]
DEBUG:Creating shared instance of singleton bean 'org.springframework.aop.support.DefaultBeanFactoryPointcutAdvisor#1'
2021-06-04 11:09:44 上午 [Thread: main][ Class:org.springframework.context.support.PostProcessorRegistrationDelegate$BeanPostProcessorChecker >> Method: org.springframework.context.support.PostProcessorRegistrationDelegate$BeanPostProcessorChecker.postProcessAfterInitialization(PostProcessorRegistrationDelegate.java:330) ]
INFO:Bean 'org.springframework.aop.support.DefaultBeanFactoryPointcutAdvisor#1' of type [org.springframework.aop.support.DefaultBeanFactoryPointcutAdvisor] is not eligible for getting processed by all BeanPostProcessors (for example: not eligible for auto-proxying)
2021-06-04 11:09:44 上午 [Thread: main][ Class:org.springframework.beans.factory.support.DefaultListableBeanFactory >> Method: org.springframework.beans.factory.support.DefaultSingletonBeanRegistry.getSingleton(DefaultSingletonBeanRegistry.java:213) ]
DEBUG:Creating shared instance of singleton bean 'conversionService'
2021-06-04 11:09:44 上午 [Thread: main][ Class:org.springframework.beans.factory.support.DefaultListableBeanFactory >> Method: org.springframework.beans.factory.support.DefaultSingletonBeanRegistry.getSingleton(DefaultSingletonBeanRegistry.java:213) ]
DEBUG:Creating shared instance of singleton bean 'dateConverter'
2021-06-04 11:09:45 上午 [Thread: main][ Class:org.springframework.beans.factory.support.DefaultListableBeanFactory >> Method: org.springframework.beans.factory.support.DefaultSingletonBeanRegistry.getSingleton(DefaultSingletonBeanRegistry.java:213) ]
DEBUG:Creating shared instance of singleton bean 'userServiceImpl'
2021-06-04 11:09:45 上午 [Thread: main][ Class:org.springframework.beans.factory.support.DefaultListableBeanFactory >> Method: org.springframework.beans.factory.support.DefaultSingletonBeanRegistry.getSingleton(DefaultSingletonBeanRegistry.java:213) ]
DEBUG:Creating shared instance of singleton bean 'myProxyMethodBeforeAdvice'
2021-06-04 11:09:45 上午 [Thread: main][ Class:org.springframework.beans.factory.support.DefaultListableBeanFactory >> Method: org.springframework.beans.factory.support.DefaultSingletonBeanRegistry.getSingleton(DefaultSingletonBeanRegistry.java:213) ]
DEBUG:Creating shared instance of singleton bean 'myArround'
2021-06-04 11:09:45 上午 [Thread: main][ Class:org.springframework.beans.factory.support.DefaultListableBeanFactory >> Method: org.springframework.beans.factory.support.DefaultSingletonBeanRegistry.getSingleton(DefaultSingletonBeanRegistry.java:213) ]
DEBUG:Creating shared instance of singleton bean 'myConnection'
2021-06-04 11:09:45 上午 [Thread: main][ Class:org.springframework.beans.factory.support.DefaultListableBeanFactory >> Method: org.springframework.beans.factory.support.DefaultSingletonBeanRegistry.getSingleton(DefaultSingletonBeanRegistry.java:213) ]
DEBUG:Creating shared instance of singleton bean 'customer'
2021-06-04 11:09:45 上午 [Thread: main][ Class:org.springframework.beans.factory.support.DefaultListableBeanFactory >> Method: org.springframework.beans.factory.support.DefaultSingletonBeanRegistry.getSingleton(DefaultSingletonBeanRegistry.java:213) ]
DEBUG:Creating shared instance of singleton bean 'customer2'
2021-06-04 19:01:29 下午 [Thread: main][ Class:org.springframework.context.support.ClassPathXmlApplicationContext >> Method: org.springframework.context.support.AbstractApplicationContext.prepareRefresh(AbstractApplicationContext.java:590) ]
DEBUG:Refreshing org.springframework.context.support.ClassPathXmlApplicationContext@7ff95560
2021-06-04 19:01:29 下午 [Thread: main][ Class:org.springframework.core.KotlinDetector >> Method: org.springframework.core.KotlinDetector.<clinit>(KotlinDetector.java:57) ]
INFO:Kotlin reflection implementation not found at runtime, related features won't be available.
2021-06-04 19:01:29 下午 [Thread: main][ Class:org.springframework.beans.factory.xml.XmlBeanDefinitionReader >> Method: org.springframework.beans.factory.xml.XmlBeanDefinitionReader.doLoadBeanDefinitions(XmlBeanDefinitionReader.java:395) ]
DEBUG:Loaded 2 bean definitions from class path resource [applicationContext.xml]
2021-06-04 19:01:29 下午 [Thread: main][ Class:org.springframework.beans.factory.support.DefaultListableBeanFactory >> Method: org.springframework.beans.factory.support.DefaultSingletonBeanRegistry.getSingleton(DefaultSingletonBeanRegistry.java:213) ]
DEBUG:Creating shared instance of singleton bean 'userDao'
2021-06-04 19:01:29 下午 [Thread: main][ Class:org.springframework.beans.factory.support.DefaultListableBeanFactory >> Method: org.springframework.beans.factory.support.DefaultSingletonBeanRegistry.getSingleton(DefaultSingletonBeanRegistry.java:213) ]
DEBUG:Creating shared instance of singleton bean 'customer'
2021-06-04 19:02:08 下午 [Thread: main][ Class:org.springframework.context.support.ClassPathXmlApplicationContext >> Method: org.springframework.context.support.AbstractApplicationContext.prepareRefresh(AbstractApplicationContext.java:590) ]
DEBUG:Refreshing org.springframework.context.support.ClassPathXmlApplicationContext@7ff95560
2021-06-04 19:02:08 下午 [Thread: main][ Class:org.springframework.core.KotlinDetector >> Method: org.springframework.core.KotlinDetector.<clinit>(KotlinDetector.java:57) ]
INFO:Kotlin reflection implementation not found at runtime, related features won't be available.
2021-06-04 19:02:08 下午 [Thread: main][ Class:org.springframework.beans.factory.xml.XmlBeanDefinitionReader >> Method: org.springframework.beans.factory.xml.XmlBeanDefinitionReader.doLoadBeanDefinitions(XmlBeanDefinitionReader.java:395) ]
DEBUG:Loaded 1 bean definitions from class path resource [applicationContext3.xml]
2021-06-04 19:02:08 下午 [Thread: main][ Class:org.springframework.beans.factory.support.DefaultListableBeanFactory >> Method: org.springframework.beans.factory.support.DefaultSingletonBeanRegistry.getSingleton(DefaultSingletonBeanRegistry.java:213) ]
DEBUG:Creating shared instance of singleton bean 'orderService'
2021-06-04 19:02:58 下午 [Thread: main][ Class:org.springframework.context.support.ClassPathXmlApplicationContext >> Method: org.springframework.context.support.AbstractApplicationContext.prepareRefresh(AbstractApplicationContext.java:590) ]
DEBUG:Refreshing org.springframework.context.support.ClassPathXmlApplicationContext@d83da2e
2021-06-04 19:02:58 下午 [Thread: main][ Class:org.springframework.core.KotlinDetector >> Method: org.springframework.core.KotlinDetector.<clinit>(KotlinDetector.java:57) ]
INFO:Kotlin reflection implementation not found at runtime, related features won't be available.
2021-06-04 19:02:59 下午 [Thread: main][ Class:org.springframework.context.annotation.ClassPathBeanDefinitionScanner >> Method: org.springframework.context.annotation.ClassPathScanningCandidateComponentProvider.scanCandidateComponents(ClassPathScanningCandidateComponentProvider.java:437) ]
DEBUG:Identified candidate component class: file [D:\project\spring\target\classes\com\zpark\basic\service\impl\OrderServiceImpl.class]
2021-06-04 19:02:59 下午 [Thread: main][ Class:org.springframework.context.annotation.ClassPathBeanDefinitionScanner >> Method: org.springframework.context.annotation.ClassPathScanningCandidateComponentProvider.scanCandidateComponents(ClassPathScanningCandidateComponentProvider.java:437) ]
DEBUG:Identified candidate component class: file [D:\project\spring\target\classes\com\zpark\basic\service\impl\UserServiceImpl.class]
2021-06-04 19:02:59 下午 [Thread: main][ Class:org.springframework.context.annotation.ClassPathBeanDefinitionScanner >> Method: org.springframework.context.annotation.ClassPathScanningCandidateComponentProvider.scanCandidateComponents(ClassPathScanningCandidateComponentProvider.java:437) ]
DEBUG:Identified candidate component class: file [D:\project\spring\target\classes\com\zpark\basic\service\proxy\MyArround.class]
2021-06-04 19:02:59 下午 [Thread: main][ Class:org.springframework.context.annotation.ClassPathBeanDefinitionScanner >> Method: org.springframework.context.annotation.ClassPathScanningCandidateComponentProvider.scanCandidateComponents(ClassPathScanningCandidateComponentProvider.java:437) ]
DEBUG:Identified candidate component class: file [D:\project\spring\target\classes\com\zpark\basic\service\proxy\MyProxyMethodBeforeAdvice.class]
2021-06-04 19:02:59 下午 [Thread: main][ Class:org.springframework.context.annotation.ClassPathBeanDefinitionScanner >> Method: org.springframework.context.annotation.ClassPathScanningCandidateComponentProvider.scanCandidateComponents(ClassPathScanningCandidateComponentProvider.java:437) ]
DEBUG:Identified candidate component class: file [D:\project\spring\target\classes\com\zpark\basic\spring\ProxyBeanPostProcesser.class]
2021-06-04 19:02:59 下午 [Thread: main][ Class:org.springframework.beans.factory.xml.XmlBeanDefinitionReader >> Method: org.springframework.beans.factory.xml.XmlBeanDefinitionReader.doLoadBeanDefinitions(XmlBeanDefinitionReader.java:395) ]
DEBUG:Loaded 10 bean definitions from class path resource [applicationContext3.xml]
2021-06-04 19:02:59 下午 [Thread: main][ Class:org.springframework.beans.factory.support.DefaultListableBeanFactory >> Method: org.springframework.beans.factory.support.DefaultSingletonBeanRegistry.getSingleton(DefaultSingletonBeanRegistry.java:213) ]
DEBUG:Creating shared instance of singleton bean 'org.springframework.context.annotation.internalConfigurationAnnotationProcessor'
2021-06-04 19:02:59 下午 [Thread: main][ Class:org.springframework.beans.factory.support.DefaultListableBeanFactory >> Method: org.springframework.beans.factory.support.DefaultSingletonBeanRegistry.getSingleton(DefaultSingletonBeanRegistry.java:213) ]
DEBUG:Creating shared instance of singleton bean 'org.springframework.context.event.internalEventListenerProcessor'
2021-06-04 19:02:59 下午 [Thread: main][ Class:org.springframework.beans.factory.support.DefaultListableBeanFactory >> Method: org.springframework.beans.factory.support.DefaultSingletonBeanRegistry.getSingleton(DefaultSingletonBeanRegistry.java:213) ]
DEBUG:Creating shared instance of singleton bean 'org.springframework.context.event.internalEventListenerFactory'
2021-06-04 19:02:59 下午 [Thread: main][ Class:org.springframework.beans.factory.support.DefaultListableBeanFactory >> Method: org.springframework.beans.factory.support.DefaultSingletonBeanRegistry.getSingleton(DefaultSingletonBeanRegistry.java:213) ]
DEBUG:Creating shared instance of singleton bean 'org.springframework.context.annotation.internalAutowiredAnnotationProcessor'
2021-06-04 19:02:59 下午 [Thread: main][ Class:org.springframework.beans.factory.support.DefaultListableBeanFactory >> Method: org.springframework.beans.factory.support.DefaultSingletonBeanRegistry.getSingleton(DefaultSingletonBeanRegistry.java:213) ]
DEBUG:Creating shared instance of singleton bean 'org.springframework.context.annotation.internalCommonAnnotationProcessor'
2021-06-04 19:02:59 下午 [Thread: main][ Class:org.springframework.beans.factory.support.DefaultListableBeanFactory >> Method: org.springframework.beans.factory.support.DefaultSingletonBeanRegistry.getSingleton(DefaultSingletonBeanRegistry.java:213) ]
DEBUG:Creating shared instance of singleton bean 'proxyBeanPostProcesser'
2021-06-04 19:02:59 下午 [Thread: main][ Class:org.springframework.beans.factory.support.DefaultListableBeanFactory >> Method: org.springframework.beans.factory.support.DefaultSingletonBeanRegistry.getSingleton(DefaultSingletonBeanRegistry.java:213) ]
DEBUG:Creating shared instance of singleton bean 'orderServiceImpl'
2021-06-04 19:02:59 下午 [Thread: main][ Class:org.springframework.beans.factory.support.DefaultListableBeanFactory >> Method: org.springframework.beans.factory.support.DefaultSingletonBeanRegistry.getSingleton(DefaultSingletonBeanRegistry.java:213) ]
DEBUG:Creating shared instance of singleton bean 'userServiceImpl'
2021-06-04 19:02:59 下午 [Thread: main][ Class:org.springframework.beans.factory.support.DefaultListableBeanFactory >> Method: org.springframework.beans.factory.support.DefaultSingletonBeanRegistry.getSingleton(DefaultSingletonBeanRegistry.java:213) ]
DEBUG:Creating shared instance of singleton bean 'myArround'
2021-06-04 19:02:59 下午 [Thread: main][ Class:org.springframework.beans.factory.support.DefaultListableBeanFactory >> Method: org.springframework.beans.factory.support.DefaultSingletonBeanRegistry.getSingleton(DefaultSingletonBeanRegistry.java:213) ]
DEBUG:Creating shared instance of singleton bean 'myProxyMethodBeforeAdvice'
