2021-06-01 14:59:39 下午 [Thread: main][ Class:org.springframework.context.support.ClassPathXmlApplicationContext >> Method: org.springframework.context.support.AbstractApplicationContext.prepareRefresh(AbstractApplicationContext.java:590) ]
DEBUG:Refreshing org.springframework.context.support.ClassPathXmlApplicationContext@49e4cb85
2021-06-01 14:59:39 下午 [Thread: main][ Class:org.springframework.core.KotlinDetector >> Method: org.springframework.core.KotlinDetector.<clinit>(KotlinDetector.java:57) ]
INFO:Kotlin reflection implementation not found at runtime, related features won't be available.
2021-06-01 14:59:40 下午 [Thread: main][ Class:org.springframework.beans.factory.xml.XmlBeanDefinitionReader >> Method: org.springframework.beans.factory.xml.XmlBeanDefinitionReader.doLoadBeanDefinitions(XmlBeanDefinitionReader.java:395) ]
DEBUG:Loaded 1 bean definitions from class path resource [applicationContext2.xml]
2021-06-01 14:59:40 下午 [Thread: main][ Class:org.springframework.beans.factory.support.DefaultListableBeanFactory >> Method: org.springframework.beans.factory.support.DefaultSingletonBeanRegistry.getSingleton(DefaultSingletonBeanRegistry.java:213) ]
DEBUG:Creating shared instance of singleton bean 'myConnection'
2021-06-01 15:00:51 下午 [Thread: main][ Class:org.springframework.context.support.ClassPathXmlApplicationContext >> Method: org.springframework.context.support.AbstractApplicationContext.prepareRefresh(AbstractApplicationContext.java:590) ]
DEBUG:Refreshing org.springframework.context.support.ClassPathXmlApplicationContext@43a25848
2021-06-01 15:00:51 下午 [Thread: main][ Class:org.springframework.core.KotlinDetector >> Method: org.springframework.core.KotlinDetector.<clinit>(KotlinDetector.java:57) ]
INFO:Kotlin reflection implementation not found at runtime, related features won't be available.
2021-06-01 15:00:51 下午 [Thread: main][ Class:org.springframework.beans.factory.xml.XmlBeanDefinitionReader >> Method: org.springframework.beans.factory.xml.XmlBeanDefinitionReader.doLoadBeanDefinitions(XmlBeanDefinitionReader.java:395) ]
DEBUG:Loaded 1 bean definitions from class path resource [applicationContext2.xml]
2021-06-01 15:00:51 下午 [Thread: main][ Class:org.springframework.beans.factory.support.DefaultListableBeanFactory >> Method: org.springframework.beans.factory.support.DefaultSingletonBeanRegistry.getSingleton(DefaultSingletonBeanRegistry.java:213) ]
DEBUG:Creating shared instance of singleton bean 'myConnection'
2021-06-01 15:01:15 下午 [Thread: main][ Class:org.springframework.context.support.ClassPathXmlApplicationContext >> Method: org.springframework.context.support.AbstractApplicationContext.prepareRefresh(AbstractApplicationContext.java:590) ]
DEBUG:Refreshing org.springframework.context.support.ClassPathXmlApplicationContext@43a25848
2021-06-01 15:01:15 下午 [Thread: main][ Class:org.springframework.core.KotlinDetector >> Method: org.springframework.core.KotlinDetector.<clinit>(KotlinDetector.java:57) ]
INFO:Kotlin reflection implementation not found at runtime, related features won't be available.
2021-06-01 15:01:15 下午 [Thread: main][ Class:org.springframework.beans.factory.xml.XmlBeanDefinitionReader >> Method: org.springframework.beans.factory.xml.XmlBeanDefinitionReader.doLoadBeanDefinitions(XmlBeanDefinitionReader.java:395) ]
DEBUG:Loaded 1 bean definitions from class path resource [applicationContext2.xml]
2021-06-01 15:01:15 下午 [Thread: main][ Class:org.springframework.beans.factory.support.DefaultListableBeanFactory >> Method: org.springframework.beans.factory.support.DefaultSingletonBeanRegistry.getSingleton(DefaultSingletonBeanRegistry.java:213) ]
DEBUG:Creating shared instance of singleton bean 'myConnection'
2021-06-01 15:01:44 下午 [Thread: main][ Class:org.springframework.context.support.ClassPathXmlApplicationContext >> Method: org.springframework.context.support.AbstractApplicationContext.prepareRefresh(AbstractApplicationContext.java:590) ]
DEBUG:Refreshing org.springframework.context.support.ClassPathXmlApplicationContext@43a25848
2021-06-01 15:01:44 下午 [Thread: main][ Class:org.springframework.core.KotlinDetector >> Method: org.springframework.core.KotlinDetector.<clinit>(KotlinDetector.java:57) ]
INFO:Kotlin reflection implementation not found at runtime, related features won't be available.
2021-06-01 15:01:44 下午 [Thread: main][ Class:org.springframework.beans.factory.xml.XmlBeanDefinitionReader >> Method: org.springframework.beans.factory.xml.XmlBeanDefinitionReader.doLoadBeanDefinitions(XmlBeanDefinitionReader.java:395) ]
DEBUG:Loaded 1 bean definitions from class path resource [applicationContext2.xml]
2021-06-01 15:01:44 下午 [Thread: main][ Class:org.springframework.beans.factory.support.DefaultListableBeanFactory >> Method: org.springframework.beans.factory.support.DefaultSingletonBeanRegistry.getSingleton(DefaultSingletonBeanRegistry.java:213) ]
DEBUG:Creating shared instance of singleton bean 'myConnection'
2021-06-01 15:02:29 下午 [Thread: main][ Class:org.springframework.context.support.ClassPathXmlApplicationContext >> Method: org.springframework.context.support.AbstractApplicationContext.prepareRefresh(AbstractApplicationContext.java:590) ]
DEBUG:Refreshing org.springframework.context.support.ClassPathXmlApplicationContext@43a25848
2021-06-01 15:02:29 下午 [Thread: main][ Class:org.springframework.core.KotlinDetector >> Method: org.springframework.core.KotlinDetector.<clinit>(KotlinDetector.java:57) ]
INFO:Kotlin reflection implementation not found at runtime, related features won't be available.
2021-06-01 15:02:29 下午 [Thread: main][ Class:org.springframework.beans.factory.xml.XmlBeanDefinitionReader >> Method: org.springframework.beans.factory.xml.XmlBeanDefinitionReader.doLoadBeanDefinitions(XmlBeanDefinitionReader.java:395) ]
DEBUG:Loaded 1 bean definitions from class path resource [applicationContext2.xml]
2021-06-01 15:02:29 下午 [Thread: main][ Class:org.springframework.beans.factory.support.DefaultListableBeanFactory >> Method: org.springframework.beans.factory.support.DefaultSingletonBeanRegistry.getSingleton(DefaultSingletonBeanRegistry.java:213) ]
DEBUG:Creating shared instance of singleton bean 'myConnection'
2021-06-01 15:02:53 下午 [Thread: main][ Class:org.springframework.context.support.ClassPathXmlApplicationContext >> Method: org.springframework.context.support.AbstractApplicationContext.prepareRefresh(AbstractApplicationContext.java:590) ]
DEBUG:Refreshing org.springframework.context.support.ClassPathXmlApplicationContext@43a25848
2021-06-01 15:02:53 下午 [Thread: main][ Class:org.springframework.core.KotlinDetector >> Method: org.springframework.core.KotlinDetector.<clinit>(KotlinDetector.java:57) ]
INFO:Kotlin reflection implementation not found at runtime, related features won't be available.
2021-06-01 15:02:53 下午 [Thread: main][ Class:org.springframework.beans.factory.xml.XmlBeanDefinitionReader >> Method: org.springframework.beans.factory.xml.XmlBeanDefinitionReader.doLoadBeanDefinitions(XmlBeanDefinitionReader.java:395) ]
DEBUG:Loaded 1 bean definitions from class path resource [applicationContext2.xml]
2021-06-01 15:02:53 下午 [Thread: main][ Class:org.springframework.beans.factory.support.DefaultListableBeanFactory >> Method: org.springframework.beans.factory.support.DefaultSingletonBeanRegistry.getSingleton(DefaultSingletonBeanRegistry.java:213) ]
DEBUG:Creating shared instance of singleton bean 'myConnection'
2021-06-01 15:07:25 下午 [Thread: main][ Class:org.springframework.context.support.ClassPathXmlApplicationContext >> Method: org.springframework.context.support.AbstractApplicationContext.prepareRefresh(AbstractApplicationContext.java:590) ]
DEBUG:Refreshing org.springframework.context.support.ClassPathXmlApplicationContext@43a25848
2021-06-01 15:07:25 下午 [Thread: main][ Class:org.springframework.core.KotlinDetector >> Method: org.springframework.core.KotlinDetector.<clinit>(KotlinDetector.java:57) ]
INFO:Kotlin reflection implementation not found at runtime, related features won't be available.
2021-06-01 15:07:25 下午 [Thread: main][ Class:org.springframework.beans.factory.xml.XmlBeanDefinitionReader >> Method: org.springframework.beans.factory.xml.XmlBeanDefinitionReader.doLoadBeanDefinitions(XmlBeanDefinitionReader.java:395) ]
DEBUG:Loaded 1 bean definitions from class path resource [applicationContext2.xml]
2021-06-01 15:07:25 下午 [Thread: main][ Class:org.springframework.beans.factory.support.DefaultListableBeanFactory >> Method: org.springframework.beans.factory.support.DefaultSingletonBeanRegistry.getSingleton(DefaultSingletonBeanRegistry.java:213) ]
DEBUG:Creating shared instance of singleton bean 'myConnection'
2021-06-01 16:41:05 下午 [Thread: main][ Class:org.springframework.context.support.ClassPathXmlApplicationContext >> Method: org.springframework.context.support.AbstractApplicationContext.prepareRefresh(AbstractApplicationContext.java:590) ]
DEBUG:Refreshing org.springframework.context.support.ClassPathXmlApplicationContext@43a25848
2021-06-01 16:41:06 下午 [Thread: main][ Class:org.springframework.core.KotlinDetector >> Method: org.springframework.core.KotlinDetector.<clinit>(KotlinDetector.java:57) ]
INFO:Kotlin reflection implementation not found at runtime, related features won't be available.
2021-06-01 16:41:06 下午 [Thread: main][ Class:org.springframework.beans.factory.xml.XmlBeanDefinitionReader >> Method: org.springframework.beans.factory.xml.XmlBeanDefinitionReader.doLoadBeanDefinitions(XmlBeanDefinitionReader.java:395) ]
DEBUG:Loaded 2 bean definitions from class path resource [applicationContext2.xml]
2021-06-01 16:41:07 下午 [Thread: main][ Class:org.springframework.beans.factory.support.DefaultListableBeanFactory >> Method: org.springframework.beans.factory.support.DefaultSingletonBeanRegistry.getSingleton(DefaultSingletonBeanRegistry.java:213) ]
DEBUG:Creating shared instance of singleton bean 'myConnection'
2021-06-01 16:41:07 下午 [Thread: main][ Class:org.springframework.beans.factory.support.DefaultListableBeanFactory >> Method: org.springframework.beans.factory.support.DefaultSingletonBeanRegistry.getSingleton(DefaultSingletonBeanRegistry.java:213) ]
DEBUG:Creating shared instance of singleton bean 'customer'
2021-06-01 16:42:32 下午 [Thread: main][ Class:org.springframework.context.support.ClassPathXmlApplicationContext >> Method: org.springframework.context.support.AbstractApplicationContext.prepareRefresh(AbstractApplicationContext.java:590) ]
DEBUG:Refreshing org.springframework.context.support.ClassPathXmlApplicationContext@43a25848
2021-06-01 16:42:32 下午 [Thread: main][ Class:org.springframework.core.KotlinDetector >> Method: org.springframework.core.KotlinDetector.<clinit>(KotlinDetector.java:57) ]
INFO:Kotlin reflection implementation not found at runtime, related features won't be available.
2021-06-01 16:42:32 下午 [Thread: main][ Class:org.springframework.beans.factory.xml.XmlBeanDefinitionReader >> Method: org.springframework.beans.factory.xml.XmlBeanDefinitionReader.doLoadBeanDefinitions(XmlBeanDefinitionReader.java:395) ]
DEBUG:Loaded 2 bean definitions from class path resource [applicationContext2.xml]
2021-06-01 16:42:32 下午 [Thread: main][ Class:org.springframework.beans.factory.support.DefaultListableBeanFactory >> Method: org.springframework.beans.factory.support.DefaultSingletonBeanRegistry.getSingleton(DefaultSingletonBeanRegistry.java:213) ]
DEBUG:Creating shared instance of singleton bean 'myConnection'
2021-06-01 16:42:32 下午 [Thread: main][ Class:org.springframework.beans.factory.support.DefaultListableBeanFactory >> Method: org.springframework.beans.factory.support.DefaultSingletonBeanRegistry.getSingleton(DefaultSingletonBeanRegistry.java:213) ]
DEBUG:Creating shared instance of singleton bean 'customer'
