2021-04-06 18:20:09 下午 [Thread: main][ Class:org.springframework.context.support.ClassPathXmlApplicationContext >> Method: org.springframework.context.support.AbstractApplicationContext.prepareRefresh(AbstractApplicationContext.java:590) ]
DEBUG:Refreshing org.springframework.context.support.ClassPathXmlApplicationContext@323b36e0
2021-04-06 18:20:09 下午 [Thread: main][ Class:org.springframework.core.KotlinDetector >> Method: org.springframework.core.KotlinDetector.<clinit>(KotlinDetector.java:57) ]
INFO:Kotlin reflection implementation not found at runtime, related features won't be available.
2021-04-06 18:20:09 下午 [Thread: main][ Class:org.springframework.context.annotation.ClassPathBeanDefinitionScanner >> Method: org.springframework.context.annotation.ClassPathScanningCandidateComponentProvider.scanCandidateComponents(ClassPathScanningCandidateComponentProvider.java:437) ]
DEBUG:Identified candidate component class: file [D:\project\spring\target\classes\com\sogou\entity\AService.class]
2021-04-06 18:20:09 下午 [Thread: main][ Class:org.springframework.context.annotation.ClassPathBeanDefinitionScanner >> Method: org.springframework.context.annotation.ClassPathScanningCandidateComponentProvider.scanCandidateComponents(ClassPathScanningCandidateComponentProvider.java:437) ]
DEBUG:Identified candidate component class: file [D:\project\spring\target\classes\com\sogou\entity\BService.class]
2021-04-06 18:20:09 下午 [Thread: main][ Class:org.springframework.context.annotation.ClassPathBeanDefinitionScanner >> Method: org.springframework.context.annotation.ClassPathScanningCandidateComponentProvider.scanCandidateComponents(ClassPathScanningCandidateComponentProvider.java:437) ]
DEBUG:Identified candidate component class: file [D:\project\spring\target\classes\com\sogou\entity\Student.class]
2021-04-06 18:20:10 下午 [Thread: main][ Class:org.springframework.beans.factory.xml.XmlBeanDefinitionReader >> Method: org.springframework.beans.factory.xml.XmlBeanDefinitionReader.doLoadBeanDefinitions(XmlBeanDefinitionReader.java:395) ]
DEBUG:Loaded 8 bean definitions from class path resource [applicationContext.xml]
2021-04-06 18:20:10 下午 [Thread: main][ Class:org.springframework.beans.factory.support.DefaultListableBeanFactory >> Method: org.springframework.beans.factory.support.DefaultSingletonBeanRegistry.getSingleton(DefaultSingletonBeanRegistry.java:213) ]
DEBUG:Creating shared instance of singleton bean 'org.springframework.context.annotation.internalConfigurationAnnotationProcessor'
2021-04-06 18:20:10 下午 [Thread: main][ Class:org.springframework.beans.factory.support.DefaultListableBeanFactory >> Method: org.springframework.beans.factory.support.DefaultSingletonBeanRegistry.getSingleton(DefaultSingletonBeanRegistry.java:213) ]
DEBUG:Creating shared instance of singleton bean 'org.springframework.context.event.internalEventListenerProcessor'
2021-04-06 18:20:10 下午 [Thread: main][ Class:org.springframework.beans.factory.support.DefaultListableBeanFactory >> Method: org.springframework.beans.factory.support.DefaultSingletonBeanRegistry.getSingleton(DefaultSingletonBeanRegistry.java:213) ]
DEBUG:Creating shared instance of singleton bean 'org.springframework.context.event.internalEventListenerFactory'
2021-04-06 18:20:10 下午 [Thread: main][ Class:org.springframework.beans.factory.support.DefaultListableBeanFactory >> Method: org.springframework.beans.factory.support.DefaultSingletonBeanRegistry.getSingleton(DefaultSingletonBeanRegistry.java:213) ]
DEBUG:Creating shared instance of singleton bean 'org.springframework.context.annotation.internalAutowiredAnnotationProcessor'
2021-04-06 18:20:10 下午 [Thread: main][ Class:org.springframework.beans.factory.support.DefaultListableBeanFactory >> Method: org.springframework.beans.factory.support.DefaultSingletonBeanRegistry.getSingleton(DefaultSingletonBeanRegistry.java:213) ]
DEBUG:Creating shared instance of singleton bean 'org.springframework.context.annotation.internalCommonAnnotationProcessor'
2021-04-06 18:20:10 下午 [Thread: main][ Class:org.springframework.beans.factory.support.DefaultListableBeanFactory >> Method: org.springframework.beans.factory.support.DefaultSingletonBeanRegistry.getSingleton(DefaultSingletonBeanRegistry.java:213) ]
DEBUG:Creating shared instance of singleton bean 'AService'
2021-04-06 18:20:10 下午 [Thread: main][ Class:org.springframework.beans.factory.support.DefaultListableBeanFactory >> Method: org.springframework.beans.factory.support.DefaultSingletonBeanRegistry.getSingleton(DefaultSingletonBeanRegistry.java:213) ]
DEBUG:Creating shared instance of singleton bean 'BService'
2021-04-06 18:20:10 下午 [Thread: main][ Class:org.springframework.beans.factory.support.DefaultListableBeanFactory >> Method: org.springframework.beans.factory.support.DefaultSingletonBeanRegistry.getSingleton(DefaultSingletonBeanRegistry.java:213) ]
DEBUG:Creating shared instance of singleton bean 'student'
